<?xml version="1.0" encoding="utf-8"?><testsuites name="pytest tests"><testsuite name="pytest" errors="0" failures="0" skipped="0" tests="6" time="2.431" timestamp="2026-07-10T08:32:58.720323+00:00" hostname="agent-env-fd32960a-5552-41c8-bee2-e9a5572be60a"><testcase classname="backend.tests.test_collection_choose_member.TestSubscriptionTariffExplicit" name="test_paid_members_excluded_for_sub_tariff_14" time="1.260" /><testcase classname="backend.tests.test_collection_choose_member.TestSubscriptionTariffExplicit" name="test_string_type_also_works" time="0.279" /><testcase classname="backend.tests.test_collection_choose_member.TestSubscriptionTariffEmpty" name="test_empty_type_falls_back_to_latest_active" time="0.277" /><testcase classname="backend.tests.test_collection_choose_member.TestRegression" name="test_festival_id_1_returns_48" time="0.214" /><testcase classname="backend.tests.test_collection_choose_member.TestRegression" name="test_death_tariff_id_42_returns_105" time="0.272" /><testcase classname="backend.tests.test_collection_choose_member.TestAuth" name="test_missing_auth_header_is_unauthorized" time="0.042" /></testsuite></testsuites>