<?xml version="1.0" encoding="utf-8"?><testsuites name="pytest tests"><testsuite name="pytest" errors="0" failures="0" skipped="0" tests="8" time="3.702" timestamp="2026-07-15T14:33:28.331157+00:00" hostname="agent-env-fd32960a-5552-41c8-bee2-e9a5572be60a"><testcase classname="backend.tests.test_expense_subcategory.TestExpensePost" name="test_post_chit_fund_expense" time="2.151" /><testcase classname="backend.tests.test_expense_subcategory.TestExpensePost" name="test_post_temple_expense" time="0.121" /><testcase classname="backend.tests.test_expense_subcategory.TestExpensePost" name="test_post_invalid_subcategory" time="0.106" /><testcase classname="backend.tests.test_expense_subcategory.TestExpensePost" name="test_get_expense_list_includes_subcategory" time="0.123" /><testcase classname="backend.tests.test_expense_subcategory.TestChitFundBalanceSheet" name="test_custom_date_range" time="0.120" /><testcase classname="backend.tests.test_expense_subcategory.TestChitFundBalanceSheet" name="test_custom_date" time="0.123" /><testcase classname="backend.tests.test_expense_subcategory.TestTempleBalanceSheet" name="test_temple_excludes_chit_fund" time="0.175" /><testcase classname="backend.tests.test_expense_subcategory.TestTempleBalanceSheet" name="test_legacy_null_subcategory_still_appears" time="0.700" /></testsuite></testsuites>