<?xml version="1.0" encoding="utf-8"?><testsuites name="pytest tests"><testsuite name="pytest" errors="0" failures="0" skipped="0" tests="9" time="6.824" timestamp="2026-07-16T07:10:30.863101+00:00" hostname="agent-env-fd32960a-5552-41c8-bee2-e9a5572be60a"><testcase classname="backend.tests.test_festival_percentage_cap.TestAddFestivalPercentageCap" name="test_percentage_101_rejected" time="1.411" /><testcase classname="backend.tests.test_festival_percentage_cap.TestAddFestivalPercentageCap" name="test_percentage_200_rejected" time="0.107" /><testcase classname="backend.tests.test_festival_percentage_cap.TestAddFestivalPercentageCap" name="test_percentage_100_5_rejected" time="0.145" /><testcase classname="backend.tests.test_festival_percentage_cap.TestAddFestivalPercentageCap" name="test_percentage_100_allowed" time="0.792" /><testcase classname="backend.tests.test_festival_percentage_cap.TestAddFestivalPercentageCap" name="test_percentage_99_allowed" time="0.739" /><testcase classname="backend.tests.test_festival_percentage_cap.TestAddFestivalPercentageCap" name="test_percentage_50_allowed" time="0.789" /><testcase classname="backend.tests.test_festival_percentage_cap.TestAddFestivalPercentageCap" name="test_amount_500_allowed_uncapped" time="0.784" /><testcase classname="backend.tests.test_festival_percentage_cap.TestEditFestivalPercentageCap" name="test_edit_percentage_150_rejected" time="0.929" /><testcase classname="backend.tests.test_festival_percentage_cap.TestEditFestivalPercentageCap" name="test_edit_amount_uncapped_regression" time="1.046" /></testsuite></testsuites>