<?xml version="1.0" encoding="utf-8"?><testsuites name="pytest tests"><testsuite name="pytest" errors="0" failures="0" skipped="0" tests="24" time="9.789" timestamp="2026-07-15T14:33:56.581846+00:00" hostname="agent-env-fd32960a-5552-41c8-bee2-e9a5572be60a"><testcase classname="backend.tests.test_collection_choose_member.TestSubscriptionTariffExplicit" name="test_paid_members_excluded_for_sub_tariff_14" time="1.407" /><testcase classname="backend.tests.test_collection_choose_member.TestSubscriptionTariffExplicit" name="test_string_type_also_works" time="0.331" /><testcase classname="backend.tests.test_collection_choose_member.TestSubscriptionTariffEmpty" name="test_empty_type_falls_back_to_latest_active" time="0.325" /><testcase classname="backend.tests.test_collection_choose_member.TestRegression" name="test_festival_id_1_returns_48" time="0.234" /><testcase classname="backend.tests.test_collection_choose_member.TestRegression" name="test_death_tariff_id_42_returns_105" time="0.308" /><testcase classname="backend.tests.test_collection_choose_member.TestAuth" name="test_missing_auth_header_is_unauthorized" time="0.066" /><testcase classname="backend.tests.test_expense_subcategory.TestExpensePost" name="test_post_chit_fund_expense" time="1.428" /><testcase classname="backend.tests.test_expense_subcategory.TestExpensePost" name="test_post_temple_expense" time="0.135" /><testcase classname="backend.tests.test_expense_subcategory.TestExpensePost" name="test_post_invalid_subcategory" time="0.139" /><testcase classname="backend.tests.test_expense_subcategory.TestExpensePost" name="test_get_expense_list_includes_subcategory" time="0.126" /><testcase classname="backend.tests.test_expense_subcategory.TestChitFundBalanceSheet" name="test_custom_date_range" time="0.128" /><testcase classname="backend.tests.test_expense_subcategory.TestChitFundBalanceSheet" name="test_custom_date" time="0.138" /><testcase classname="backend.tests.test_expense_subcategory.TestTempleBalanceSheet" name="test_temple_excludes_chit_fund" time="0.192" /><testcase classname="backend.tests.test_expense_subcategory.TestTempleBalanceSheet" name="test_legacy_null_subcategory_still_appears" time="0.712" /><testcase classname="backend.tests.test_penalty_api.TestAuth" name="test_login_returns_jwt" time="1.020" /><testcase classname="backend.tests.test_penalty_api.TestPenaltySummary" name="test_summary_ok_and_shape" time="1.528" /><testcase classname="backend.tests.test_penalty_api.TestPenaltySummary" name="test_summary_requires_auth" time="0.053" /><testcase classname="backend.tests.test_penalty_api.TestPenaltyRecompute" name="test_recompute_ok_and_idempotent" time="0.248" /><testcase classname="backend.tests.test_penalty_api.TestPenaltyRecompute" name="test_recompute_requires_auth" time="0.056" /><testcase classname="backend.tests.test_penalty_api.TestPenaltyPending" name="test_pending_ok_and_shape" time="0.185" /><testcase classname="backend.tests.test_penalty_api.TestPenaltyPending" name="test_pending_math_25_per_missed_month" time="0.209" /><testcase classname="backend.tests.test_penalty_api.TestPenaltyPending" name="test_pending_rate_stable_across_calls" time="0.560" /><testcase classname="backend.tests.test_penalty_api.TestPenaltyPending" name="test_pending_requires_auth" time="0.054" /><testcase classname="backend.tests.test_penalty_api.TestLegacy" name="test_admins_view_ok" time="0.065" /></testsuite></testsuites>