<?xml version="1.0" encoding="utf-8"?><testsuites name="pytest tests"><testsuite name="pytest" errors="0" failures="14" skipped="0" tests="37" time="18.644" timestamp="2026-07-15T15:03:06.826329+00:00" hostname="agent-env-fd32960a-5552-41c8-bee2-e9a5572be60a"><testcase classname="backend.tests.test_chit_fund_settlement_concrete" name="test_concrete_redistribution_after_application" time="3.155" /><testcase classname="backend.tests.test_chit_fund_settlement_concrete" name="test_settlement_does_not_double_reduce_shares_or_invest" time="1.135" /><testcase classname="backend.tests.test_chit_fund_settlement_concrete" name="test_total_share_count_invariant_holds" time="1.703" /><testcase classname="backend.tests.test_chit_fund_settlement_redistribution" name="test_management_share_included_in_redistribution" time="1.025" /><testcase classname="backend.tests.test_chit_fund_settlement_redistribution" name="test_total_share_count_stays_consistent" time="0.001" /><testcase classname="backend.tests.test_collection_choose_member.TestSubscriptionTariffExplicit" name="test_paid_members_excluded_for_sub_tariff_14" time="1.315" /><testcase classname="backend.tests.test_collection_choose_member.TestSubscriptionTariffExplicit" name="test_string_type_also_works" time="0.336" /><testcase classname="backend.tests.test_collection_choose_member.TestSubscriptionTariffEmpty" name="test_empty_type_falls_back_to_latest_active" time="0.312" /><testcase classname="backend.tests.test_collection_choose_member.TestRegression" name="test_festival_id_1_returns_48" time="0.227" /><testcase classname="backend.tests.test_collection_choose_member.TestRegression" name="test_death_tariff_id_42_returns_105" time="0.296" /><testcase classname="backend.tests.test_collection_choose_member.TestAuth" name="test_missing_auth_header_is_unauthorized" time="0.050" /><testcase classname="backend.tests.test_expense_subcategory.TestExpensePost" name="test_post_chit_fund_expense" time="1.386"><failure message="AssertionError: Failed create chit fund expense: 500 &#10;  &lt;!doctype html&gt;&#10;  &lt;html lang=&quot;en&quot;&gt;&#10;  &lt;head&gt;&#10;    &lt;title&gt;Server Error (500)&lt;/title&gt;&#10;  &lt;/head&gt;&#10;  &lt;body&gt;&#10;    &lt;h1&gt;Server Error (500)&lt;/h1&gt;&lt;p&gt;&lt;/p&gt;&#10;  &lt;script&gt;(function(){function c(){var b=a.contentDocument||a.contentWindow.document;if(b){var d=b.createElement('script');d.innerHTML=&quot;window.__CF$cv$params={r:'a1b9a7316f31eb00',t:'MTc4NDEyNzc5Nw=='};var a=document.createElement('script');a.src='/cdn-cgi/challenge-platform/scripts/jsd/main.js';document.getElementsByTagName('head')[0].appendChild(a);&quot;;b.getElementsByTagName('head')[0].appendChild(d)}}if(document.body){var a=document.createElement('iframe');a.height=1;a.width=1;a.style.position='absolute';a.style.top=0;a.style.left=0;a.style.border='none';a.style.visibility='hidden';document.body.appendChild(a);if('loading'!==document.readyState)c();else if(window.addEventListener)document.addEventListener('DOMContentLoaded',c);else{var e=document.onreadystatechange||function(){};document.onreadystatechange=function(b){e(b);'loading'!==document.readyState&amp;&amp;(document.onreadystatechange=e,c())}}}})();&lt;/script&gt;&lt;/body&gt;&#10;  &lt;/html&gt;&#10;  &#10;assert 500 == 201&#10; +  where 500 = &lt;Response [500]&gt;.status_code">E   AssertionError: Failed create chit fund expense: 500 
      &lt;!doctype html&gt;
      &lt;html lang="en"&gt;
      &lt;head&gt;
        &lt;title&gt;Server Error (500)&lt;/title&gt;
      &lt;/head&gt;
      &lt;body&gt;
        &lt;h1&gt;Server Error (500)&lt;/h1&gt;&lt;p&gt;&lt;/p&gt;
      &lt;script&gt;(function(){function c(){var b=a.contentDocument||a.contentWindow.document;if(b){var d=b.createElement('script');d.innerHTML="window.__CF$cv$params={r:'a1b9a7316f31eb00',t:'MTc4NDEyNzc5Nw=='};var a=document.createElement('script');a.src='/cdn-cgi/challenge-platform/scripts/jsd/main.js';document.getElementsByTagName('head')[0].appendChild(a);";b.getElementsByTagName('head')[0].appendChild(d)}}if(document.body){var a=document.createElement('iframe');a.height=1;a.width=1;a.style.position='absolute';a.style.top=0;a.style.left=0;a.style.border='none';a.style.visibility='hidden';document.body.appendChild(a);if('loading'!==document.readyState)c();else if(window.addEventListener)document.addEventListener('DOMContentLoaded',c);else{var e=document.onreadystatechange||function(){};document.onreadystatechange=function(b){e(b);'loading'!==document.readyState&amp;&amp;(document.onreadystatechange=e,c())}}}})();&lt;/script&gt;&lt;/body&gt;
      &lt;/html&gt;
      
    assert 500 == 201
     +  where 500 = &lt;Response [500]&gt;.status_code</failure></testcase><testcase classname="backend.tests.test_expense_subcategory.TestExpensePost" name="test_post_temple_expense" time="0.119"><failure message="AssertionError: Failed create temple expense: 500 &#10;  &lt;!doctype html&gt;&#10;  &lt;html lang=&quot;en&quot;&gt;&#10;  &lt;head&gt;&#10;    &lt;title&gt;Server Error (500)&lt;/title&gt;&#10;  &lt;/head&gt;&#10;  &lt;body&gt;&#10;    &lt;h1&gt;Server Error (500)&lt;/h1&gt;&lt;p&gt;&lt;/p&gt;&#10;  &lt;script&gt;(function(){function c(){var b=a.contentDocument||a.contentWindow.document;if(b){var d=b.createElement('script');d.innerHTML=&quot;window.__CF$cv$params={r:'a1b9a7322cf0c667',t:'MTc4NDEyNzc5OA=='};var a=document.createElement('script');a.src='/cdn-cgi/challenge-platform/scripts/jsd/main.js';document.getElementsByTagName('head')[0].appendChild(a);&quot;;b.getElementsByTagName('head')[0].appendChild(d)}}if(document.body){var a=document.createElement('iframe');a.height=1;a.width=1;a.style.position='absolute';a.style.top=0;a.style.left=0;a.style.border='none';a.style.visibility='hidden';document.body.appendChild(a);if('loading'!==document.readyState)c();else if(window.addEventListener)document.addEventListener('DOMContentLoaded',c);else{var e=document.onreadystatechange||function(){};document.onreadystatechange=function(b){e(b);'loading'!==document.readyState&amp;&amp;(document.onreadystatechange=e,c())}}}})();&lt;/script&gt;&lt;/body&gt;&#10;  &lt;/html&gt;&#10;  &#10;assert 500 == 201&#10; +  where 500 = &lt;Response [500]&gt;.status_code">E   AssertionError: Failed create temple expense: 500 
      &lt;!doctype html&gt;
      &lt;html lang="en"&gt;
      &lt;head&gt;
        &lt;title&gt;Server Error (500)&lt;/title&gt;
      &lt;/head&gt;
      &lt;body&gt;
        &lt;h1&gt;Server Error (500)&lt;/h1&gt;&lt;p&gt;&lt;/p&gt;
      &lt;script&gt;(function(){function c(){var b=a.contentDocument||a.contentWindow.document;if(b){var d=b.createElement('script');d.innerHTML="window.__CF$cv$params={r:'a1b9a7322cf0c667',t:'MTc4NDEyNzc5OA=='};var a=document.createElement('script');a.src='/cdn-cgi/challenge-platform/scripts/jsd/main.js';document.getElementsByTagName('head')[0].appendChild(a);";b.getElementsByTagName('head')[0].appendChild(d)}}if(document.body){var a=document.createElement('iframe');a.height=1;a.width=1;a.style.position='absolute';a.style.top=0;a.style.left=0;a.style.border='none';a.style.visibility='hidden';document.body.appendChild(a);if('loading'!==document.readyState)c();else if(window.addEventListener)document.addEventListener('DOMContentLoaded',c);else{var e=document.onreadystatechange||function(){};document.onreadystatechange=function(b){e(b);'loading'!==document.readyState&amp;&amp;(document.onreadystatechange=e,c())}}}})();&lt;/script&gt;&lt;/body&gt;
      &lt;/html&gt;
      
    assert 500 == 201
     +  where 500 = &lt;Response [500]&gt;.status_code</failure></testcase><testcase classname="backend.tests.test_expense_subcategory.TestExpensePost" name="test_post_invalid_subcategory" time="0.114" /><testcase classname="backend.tests.test_expense_subcategory.TestExpensePost" name="test_get_expense_list_includes_subcategory" time="0.122"><failure message="assert 500 == 200&#10; +  where 500 = &lt;Response [500]&gt;.status_code">E   assert 500 == 200
     +  where 500 = &lt;Response [500]&gt;.status_code</failure></testcase><testcase classname="backend.tests.test_expense_subcategory.TestChitFundBalanceSheet" name="test_custom_date_range" time="0.000"><failure message="AssertionError: Chit fund expense not created in prior test&#10;assert None is not None">E   AssertionError: Chit fund expense not created in prior test
    assert None is not None</failure></testcase><testcase classname="backend.tests.test_expense_subcategory.TestChitFundBalanceSheet" name="test_custom_date" time="0.128"><failure message="AssertionError: Chit fund balancesheet (custom_date) failed: 500 &#10;  &lt;!doctype html&gt;&#10;  &lt;html lang=&quot;en&quot;&gt;&#10;  &lt;head&gt;&#10;    &lt;title&gt;Server Error (500)&lt;/title&gt;&#10;  &lt;/head&gt;&#10;  &lt;body&gt;&#10;    &lt;h1&gt;Server Error (500)&lt;/h1&gt;&lt;p&gt;&lt;/p&gt;&#10;  &lt;script&gt;(function(){function c(){var b=a.contentDocument||a.contentWindow.document;if(b){var d=b.createElement('script');d.innerHTML=&quot;window.__CF$cv$params={r:'a1b9a73469eebd06',t:'MTc4NDEyNzc5OA=='};var a=document.createElement('script');a.src='/cdn-cgi/challenge-platform/scripts/jsd/main.js';document.getElementsByTagName('head')[0].appendChild(a);&quot;;b.getElementsByTagName('head')[0].appendChild(d)}}if(document.body){var a=document.createElement('iframe');a.height=1;a.width=1;a.style.position='absolute';a.style.top=0;a.style.left=0;a.style.border='none';a.style.visibility='hidden';document.body.appendChild(a);if('loading'!==document.readyState)c();else if(window.addEventListener)document.addEventListener('DOMContentLoaded',c);else{var e=document.onreadystatechange||function(){};document.onreadystatechange=function(b){e(b);'loading'!==document.readyState&amp;&amp;(document.onreadystatechange=e,c())}}}})();&lt;/script&gt;&lt;/body&gt;&#10;  &lt;/html&gt;&#10;  &#10;assert 500 == 201&#10; +  where 500 = &lt;Response [500]&gt;.status_code">E   AssertionError: Chit fund balancesheet (custom_date) failed: 500 
      &lt;!doctype html&gt;
      &lt;html lang="en"&gt;
      &lt;head&gt;
        &lt;title&gt;Server Error (500)&lt;/title&gt;
      &lt;/head&gt;
      &lt;body&gt;
        &lt;h1&gt;Server Error (500)&lt;/h1&gt;&lt;p&gt;&lt;/p&gt;
      &lt;script&gt;(function(){function c(){var b=a.contentDocument||a.contentWindow.document;if(b){var d=b.createElement('script');d.innerHTML="window.__CF$cv$params={r:'a1b9a73469eebd06',t:'MTc4NDEyNzc5OA=='};var a=document.createElement('script');a.src='/cdn-cgi/challenge-platform/scripts/jsd/main.js';document.getElementsByTagName('head')[0].appendChild(a);";b.getElementsByTagName('head')[0].appendChild(d)}}if(document.body){var a=document.createElement('iframe');a.height=1;a.width=1;a.style.position='absolute';a.style.top=0;a.style.left=0;a.style.border='none';a.style.visibility='hidden';document.body.appendChild(a);if('loading'!==document.readyState)c();else if(window.addEventListener)document.addEventListener('DOMContentLoaded',c);else{var e=document.onreadystatechange||function(){};document.onreadystatechange=function(b){e(b);'loading'!==document.readyState&amp;&amp;(document.onreadystatechange=e,c())}}}})();&lt;/script&gt;&lt;/body&gt;
      &lt;/html&gt;
      
    assert 500 == 201
     +  where 500 = &lt;Response [500]&gt;.status_code</failure></testcase><testcase classname="backend.tests.test_expense_subcategory.TestTempleBalanceSheet" name="test_temple_excludes_chit_fund" time="0.129"><failure message="AssertionError: Temple balancesheet failed: 500 &#10;  &lt;!doctype html&gt;&#10;  &lt;html lang=&quot;en&quot;&gt;&#10;  &lt;head&gt;&#10;    &lt;title&gt;Server Error (500)&lt;/title&gt;&#10;  &lt;/head&gt;&#10;  &lt;body&gt;&#10;    &lt;h1&gt;Server Error (500)&lt;/h1&gt;&lt;p&gt;&lt;/p&gt;&#10;  &lt;script&gt;(function(){function c(){var b=a.contentDocument||a.contentWindow.document;if(b){var d=b.createElement('script');d.innerHTML=&quot;window.__CF$cv$params={r:'a1b9a7353ee40ed2',t:'MTc4NDEyNzc5OA=='};var a=document.createElement('script');a.src='/cdn-cgi/challenge-platform/scripts/jsd/main.js';document.getElementsByTagName('head')[0].appendChild(a);&quot;;b.getElementsByTagName('head')[0].appendChild(d)}}if(document.body){var a=document.createElement('iframe');a.height=1;a.width=1;a.style.position='absolute';a.style.top=0;a.style.left=0;a.style.border='none';a.style.visibility='hidden';document.body.appendChild(a);if('loading'!==document.readyState)c();else if(window.addEventListener)document.addEventListener('DOMContentLoaded',c);else{var e=document.onreadystatechange||function(){};document.onreadystatechange=function(b){e(b);'loading'!==document.readyState&amp;&amp;(document.onreadystatechange=e,c())}}}})();&lt;/script&gt;&lt;/body&gt;&#10;  &lt;/html&gt;&#10;  &#10;assert 500 == 201&#10; +  where 500 = &lt;Response [500]&gt;.status_code">E   AssertionError: Temple balancesheet failed: 500 
      &lt;!doctype html&gt;
      &lt;html lang="en"&gt;
      &lt;head&gt;
        &lt;title&gt;Server Error (500)&lt;/title&gt;
      &lt;/head&gt;
      &lt;body&gt;
        &lt;h1&gt;Server Error (500)&lt;/h1&gt;&lt;p&gt;&lt;/p&gt;
      &lt;script&gt;(function(){function c(){var b=a.contentDocument||a.contentWindow.document;if(b){var d=b.createElement('script');d.innerHTML="window.__CF$cv$params={r:'a1b9a7353ee40ed2',t:'MTc4NDEyNzc5OA=='};var a=document.createElement('script');a.src='/cdn-cgi/challenge-platform/scripts/jsd/main.js';document.getElementsByTagName('head')[0].appendChild(a);";b.getElementsByTagName('head')[0].appendChild(d)}}if(document.body){var a=document.createElement('iframe');a.height=1;a.width=1;a.style.position='absolute';a.style.top=0;a.style.left=0;a.style.border='none';a.style.visibility='hidden';document.body.appendChild(a);if('loading'!==document.readyState)c();else if(window.addEventListener)document.addEventListener('DOMContentLoaded',c);else{var e=document.onreadystatechange||function(){};document.onreadystatechange=function(b){e(b);'loading'!==document.readyState&amp;&amp;(document.onreadystatechange=e,c())}}}})();&lt;/script&gt;&lt;/body&gt;
      &lt;/html&gt;
      
    assert 500 == 201
     +  where 500 = &lt;Response [500]&gt;.status_code</failure></testcase><testcase classname="backend.tests.test_expense_subcategory.TestTempleBalanceSheet" name="test_legacy_null_subcategory_still_appears" time="0.250"><failure message="AssertionError: Legacy date balancesheet failed: 500 &#10;  &lt;!doctype html&gt;&#10;  &lt;html lang=&quot;en&quot;&gt;&#10;  &lt;head&gt;&#10;    &lt;title&gt;Server Error (500)&lt;/title&gt;&#10;  &lt;/head&gt;&#10;  &lt;body&gt;&#10;    &lt;h1&gt;Server Error (500)&lt;/h1&gt;&lt;p&gt;&lt;/p&gt;&#10;  &lt;script&gt;(function(){function c(){var b=a.contentDocument||a.contentWindow.document;if(b){var d=b.createElement('script');d.innerHTML=&quot;window.__CF$cv$params={r:'a1b9a735f8fd1497',t:'MTc4NDEyNzc5OA=='};var a=document.createElement('script');a.src='/cdn-cgi/challenge-platform/scripts/jsd/main.js';document.getElementsByTagName('head')[0].appendChild(a);&quot;;b.getElementsByTagName('head')[0].appendChild(d)}}if(document.body){var a=document.createElement('iframe');a.height=1;a.width=1;a.style.position='absolute';a.style.top=0;a.style.left=0;a.style.border='none';a.style.visibility='hidden';document.body.appendChild(a);if('loading'!==document.readyState)c();else if(window.addEventListener)document.addEventListener('DOMContentLoaded',c);else{var e=document.onreadystatechange||function(){};document.onreadystatechange=function(b){e(b);'loading'!==document.readyState&amp;&amp;(document.onreadystatechange=e,c())}}}})();&lt;/script&gt;&lt;/body&gt;&#10;  &lt;/html&gt;&#10;  &#10;assert 500 == 201&#10; +  where 500 = &lt;Response [500]&gt;.status_code">E   AssertionError: Legacy date balancesheet failed: 500 
      &lt;!doctype html&gt;
      &lt;html lang="en"&gt;
      &lt;head&gt;
        &lt;title&gt;Server Error (500)&lt;/title&gt;
      &lt;/head&gt;
      &lt;body&gt;
        &lt;h1&gt;Server Error (500)&lt;/h1&gt;&lt;p&gt;&lt;/p&gt;
      &lt;script&gt;(function(){function c(){var b=a.contentDocument||a.contentWindow.document;if(b){var d=b.createElement('script');d.innerHTML="window.__CF$cv$params={r:'a1b9a735f8fd1497',t:'MTc4NDEyNzc5OA=='};var a=document.createElement('script');a.src='/cdn-cgi/challenge-platform/scripts/jsd/main.js';document.getElementsByTagName('head')[0].appendChild(a);";b.getElementsByTagName('head')[0].appendChild(d)}}if(document.body){var a=document.createElement('iframe');a.height=1;a.width=1;a.style.position='absolute';a.style.top=0;a.style.left=0;a.style.border='none';a.style.visibility='hidden';document.body.appendChild(a);if('loading'!==document.readyState)c();else if(window.addEventListener)document.addEventListener('DOMContentLoaded',c);else{var e=document.onreadystatechange||function(){};document.onreadystatechange=function(b){e(b);'loading'!==document.readyState&amp;&amp;(document.onreadystatechange=e,c())}}}})();&lt;/script&gt;&lt;/body&gt;
      &lt;/html&gt;
      
    assert 500 == 201
     +  where 500 = &lt;Response [500]&gt;.status_code</failure></testcase><testcase classname="backend.tests.test_income_subcategory.TestIncomePost" name="test_post_chit_fund_income" time="1.452"><failure message="AssertionError: Create chit fund income failed: 500 &#10;  &lt;!doctype html&gt;&#10;  &lt;html lang=&quot;en&quot;&gt;&#10;  &lt;head&gt;&#10;    &lt;title&gt;Server Error (500)&lt;/title&gt;&#10;  &lt;/head&gt;&#10;  &lt;body&gt;&#10;    &lt;h1&gt;Server Error (500)&lt;/h1&gt;&lt;p&gt;&lt;/p&gt;&#10;  &lt;script&gt;(function(){function c(){var b=a.contentDocument||a.contentWindow.document;if(b){var d=b.createElement('script');d.innerHTML=&quot;window.__CF$cv$params={r:'a1b9a73fd85d1910',t:'MTc4NDEyNzgwMA=='};var a=document.createElement('script');a.src='/cdn-cgi/challenge-platform/scripts/jsd/main.js';document.getElementsByTagName('head')[0].appendChild(a);&quot;;b.getElementsByTagName('head')[0].appendChild(d)}}if(document.body){var a=document.createElement('iframe');a.height=1;a.width=1;a.style.position='absolute';a.style.top=0;a.style.left=0;a.style.border='none';a.style.visibility='hidden';document.body.appendChild(a);if('loading'!==document.readyState)c();else if(window.addEventListener)document.addEventListener('DOMContentLoaded',c);else{var e=document.onreadystatechange||function(){};document.onreadystatechange=function(b){e(b);'loading'!==document.readyState&amp;&amp;(document.onreadystatechange=e,c())}}}})();&lt;/script&gt;&lt;/body&gt;&#10;  &lt;/html&gt;&#10;  &#10;assert 500 == 201&#10; +  where 500 = &lt;Response [500]&gt;.status_code">E   AssertionError: Create chit fund income failed: 500 
      &lt;!doctype html&gt;
      &lt;html lang="en"&gt;
      &lt;head&gt;
        &lt;title&gt;Server Error (500)&lt;/title&gt;
      &lt;/head&gt;
      &lt;body&gt;
        &lt;h1&gt;Server Error (500)&lt;/h1&gt;&lt;p&gt;&lt;/p&gt;
      &lt;script&gt;(function(){function c(){var b=a.contentDocument||a.contentWindow.document;if(b){var d=b.createElement('script');d.innerHTML="window.__CF$cv$params={r:'a1b9a73fd85d1910',t:'MTc4NDEyNzgwMA=='};var a=document.createElement('script');a.src='/cdn-cgi/challenge-platform/scripts/jsd/main.js';document.getElementsByTagName('head')[0].appendChild(a);";b.getElementsByTagName('head')[0].appendChild(d)}}if(document.body){var a=document.createElement('iframe');a.height=1;a.width=1;a.style.position='absolute';a.style.top=0;a.style.left=0;a.style.border='none';a.style.visibility='hidden';document.body.appendChild(a);if('loading'!==document.readyState)c();else if(window.addEventListener)document.addEventListener('DOMContentLoaded',c);else{var e=document.onreadystatechange||function(){};document.onreadystatechange=function(b){e(b);'loading'!==document.readyState&amp;&amp;(document.onreadystatechange=e,c())}}}})();&lt;/script&gt;&lt;/body&gt;
      &lt;/html&gt;
      
    assert 500 == 201
     +  where 500 = &lt;Response [500]&gt;.status_code</failure></testcase><testcase classname="backend.tests.test_income_subcategory.TestIncomePost" name="test_post_temple_income" time="0.113"><failure message="AssertionError: Create temple income failed: 500 &#10;  &lt;!doctype html&gt;&#10;  &lt;html lang=&quot;en&quot;&gt;&#10;  &lt;head&gt;&#10;    &lt;title&gt;Server Error (500)&lt;/title&gt;&#10;  &lt;/head&gt;&#10;  &lt;body&gt;&#10;    &lt;h1&gt;Server Error (500)&lt;/h1&gt;&lt;p&gt;&lt;/p&gt;&#10;  &lt;script&gt;(function(){function c(){var b=a.contentDocument||a.contentWindow.document;if(b){var d=b.createElement('script');d.innerHTML=&quot;window.__CF$cv$params={r:'a1b9a740ad90eaf3',t:'MTc4NDEyNzgwMA=='};var a=document.createElement('script');a.src='/cdn-cgi/challenge-platform/scripts/jsd/main.js';document.getElementsByTagName('head')[0].appendChild(a);&quot;;b.getElementsByTagName('head')[0].appendChild(d)}}if(document.body){var a=document.createElement('iframe');a.height=1;a.width=1;a.style.position='absolute';a.style.top=0;a.style.left=0;a.style.border='none';a.style.visibility='hidden';document.body.appendChild(a);if('loading'!==document.readyState)c();else if(window.addEventListener)document.addEventListener('DOMContentLoaded',c);else{var e=document.onreadystatechange||function(){};document.onreadystatechange=function(b){e(b);'loading'!==document.readyState&amp;&amp;(document.onreadystatechange=e,c())}}}})();&lt;/script&gt;&lt;/body&gt;&#10;  &lt;/html&gt;&#10;  &#10;assert 500 == 201&#10; +  where 500 = &lt;Response [500]&gt;.status_code">E   AssertionError: Create temple income failed: 500 
      &lt;!doctype html&gt;
      &lt;html lang="en"&gt;
      &lt;head&gt;
        &lt;title&gt;Server Error (500)&lt;/title&gt;
      &lt;/head&gt;
      &lt;body&gt;
        &lt;h1&gt;Server Error (500)&lt;/h1&gt;&lt;p&gt;&lt;/p&gt;
      &lt;script&gt;(function(){function c(){var b=a.contentDocument||a.contentWindow.document;if(b){var d=b.createElement('script');d.innerHTML="window.__CF$cv$params={r:'a1b9a740ad90eaf3',t:'MTc4NDEyNzgwMA=='};var a=document.createElement('script');a.src='/cdn-cgi/challenge-platform/scripts/jsd/main.js';document.getElementsByTagName('head')[0].appendChild(a);";b.getElementsByTagName('head')[0].appendChild(d)}}if(document.body){var a=document.createElement('iframe');a.height=1;a.width=1;a.style.position='absolute';a.style.top=0;a.style.left=0;a.style.border='none';a.style.visibility='hidden';document.body.appendChild(a);if('loading'!==document.readyState)c();else if(window.addEventListener)document.addEventListener('DOMContentLoaded',c);else{var e=document.onreadystatechange||function(){};document.onreadystatechange=function(b){e(b);'loading'!==document.readyState&amp;&amp;(document.onreadystatechange=e,c())}}}})();&lt;/script&gt;&lt;/body&gt;
      &lt;/html&gt;
      
    assert 500 == 201
     +  where 500 = &lt;Response [500]&gt;.status_code</failure></testcase><testcase classname="backend.tests.test_income_subcategory.TestIncomePost" name="test_post_invalid_subcategory" time="0.118" /><testcase classname="backend.tests.test_income_subcategory.TestIncomePost" name="test_get_income_list_includes_subcategory" time="0.114"><failure message="assert 500 == 200&#10; +  where 500 = &lt;Response [500]&gt;.status_code">E   assert 500 == 200
     +  where 500 = &lt;Response [500]&gt;.status_code</failure></testcase><testcase classname="backend.tests.test_income_subcategory.TestChitFundBalanceSheet" name="test_custom_date_range" time="0.000"><failure message="AssertionError: Chit fund income not created in prior test&#10;assert None is not None">E   AssertionError: Chit fund income not created in prior test
    assert None is not None</failure></testcase><testcase classname="backend.tests.test_income_subcategory.TestChitFundBalanceSheet" name="test_custom_date" time="0.120"><failure message="AssertionError: Chit fund BS (custom_date) failed: 500 &#10;  &lt;!doctype html&gt;&#10;  &lt;html lang=&quot;en&quot;&gt;&#10;  &lt;head&gt;&#10;    &lt;title&gt;Server Error (500)&lt;/title&gt;&#10;  &lt;/head&gt;&#10;  &lt;body&gt;&#10;    &lt;h1&gt;Server Error (500)&lt;/h1&gt;&lt;p&gt;&lt;/p&gt;&#10;  &lt;script&gt;(function(){function c(){var b=a.contentDocument||a.contentWindow.document;if(b){var d=b.createElement('script');d.innerHTML=&quot;window.__CF$cv$params={r:'a1b9a742da579af3',t:'MTc4NDEyNzgwMA=='};var a=document.createElement('script');a.src='/cdn-cgi/challenge-platform/scripts/jsd/main.js';document.getElementsByTagName('head')[0].appendChild(a);&quot;;b.getElementsByTagName('head')[0].appendChild(d)}}if(document.body){var a=document.createElement('iframe');a.height=1;a.width=1;a.style.position='absolute';a.style.top=0;a.style.left=0;a.style.border='none';a.style.visibility='hidden';document.body.appendChild(a);if('loading'!==document.readyState)c();else if(window.addEventListener)document.addEventListener('DOMContentLoaded',c);else{var e=document.onreadystatechange||function(){};document.onreadystatechange=function(b){e(b);'loading'!==document.readyState&amp;&amp;(document.onreadystatechange=e,c())}}}})();&lt;/script&gt;&lt;/body&gt;&#10;  &lt;/html&gt;&#10;  &#10;assert 500 == 201&#10; +  where 500 = &lt;Response [500]&gt;.status_code">E   AssertionError: Chit fund BS (custom_date) failed: 500 
      &lt;!doctype html&gt;
      &lt;html lang="en"&gt;
      &lt;head&gt;
        &lt;title&gt;Server Error (500)&lt;/title&gt;
      &lt;/head&gt;
      &lt;body&gt;
        &lt;h1&gt;Server Error (500)&lt;/h1&gt;&lt;p&gt;&lt;/p&gt;
      &lt;script&gt;(function(){function c(){var b=a.contentDocument||a.contentWindow.document;if(b){var d=b.createElement('script');d.innerHTML="window.__CF$cv$params={r:'a1b9a742da579af3',t:'MTc4NDEyNzgwMA=='};var a=document.createElement('script');a.src='/cdn-cgi/challenge-platform/scripts/jsd/main.js';document.getElementsByTagName('head')[0].appendChild(a);";b.getElementsByTagName('head')[0].appendChild(d)}}if(document.body){var a=document.createElement('iframe');a.height=1;a.width=1;a.style.position='absolute';a.style.top=0;a.style.left=0;a.style.border='none';a.style.visibility='hidden';document.body.appendChild(a);if('loading'!==document.readyState)c();else if(window.addEventListener)document.addEventListener('DOMContentLoaded',c);else{var e=document.onreadystatechange||function(){};document.onreadystatechange=function(b){e(b);'loading'!==document.readyState&amp;&amp;(document.onreadystatechange=e,c())}}}})();&lt;/script&gt;&lt;/body&gt;
      &lt;/html&gt;
      
    assert 500 == 201
     +  where 500 = &lt;Response [500]&gt;.status_code</failure></testcase><testcase classname="backend.tests.test_income_subcategory.TestTempleBalanceSheet" name="test_temple_excludes_chit_fund_income" time="0.133"><failure message="AssertionError: Temple BS failed: 500 &#10;  &lt;!doctype html&gt;&#10;  &lt;html lang=&quot;en&quot;&gt;&#10;  &lt;head&gt;&#10;    &lt;title&gt;Server Error (500)&lt;/title&gt;&#10;  &lt;/head&gt;&#10;  &lt;body&gt;&#10;    &lt;h1&gt;Server Error (500)&lt;/h1&gt;&lt;p&gt;&lt;/p&gt;&#10;  &lt;script&gt;(function(){function c(){var b=a.contentDocument||a.contentWindow.document;if(b){var d=b.createElement('script');d.innerHTML=&quot;window.__CF$cv$params={r:'a1b9a7439f1a8ce1',t:'MTc4NDEyNzgwMA=='};var a=document.createElement('script');a.src='/cdn-cgi/challenge-platform/scripts/jsd/main.js';document.getElementsByTagName('head')[0].appendChild(a);&quot;;b.getElementsByTagName('head')[0].appendChild(d)}}if(document.body){var a=document.createElement('iframe');a.height=1;a.width=1;a.style.position='absolute';a.style.top=0;a.style.left=0;a.style.border='none';a.style.visibility='hidden';document.body.appendChild(a);if('loading'!==document.readyState)c();else if(window.addEventListener)document.addEventListener('DOMContentLoaded',c);else{var e=document.onreadystatechange||function(){};document.onreadystatechange=function(b){e(b);'loading'!==document.readyState&amp;&amp;(document.onreadystatechange=e,c())}}}})();&lt;/script&gt;&lt;/body&gt;&#10;  &lt;/html&gt;&#10;  &#10;assert 500 == 201&#10; +  where 500 = &lt;Response [500]&gt;.status_code">E   AssertionError: Temple BS failed: 500 
      &lt;!doctype html&gt;
      &lt;html lang="en"&gt;
      &lt;head&gt;
        &lt;title&gt;Server Error (500)&lt;/title&gt;
      &lt;/head&gt;
      &lt;body&gt;
        &lt;h1&gt;Server Error (500)&lt;/h1&gt;&lt;p&gt;&lt;/p&gt;
      &lt;script&gt;(function(){function c(){var b=a.contentDocument||a.contentWindow.document;if(b){var d=b.createElement('script');d.innerHTML="window.__CF$cv$params={r:'a1b9a7439f1a8ce1',t:'MTc4NDEyNzgwMA=='};var a=document.createElement('script');a.src='/cdn-cgi/challenge-platform/scripts/jsd/main.js';document.getElementsByTagName('head')[0].appendChild(a);";b.getElementsByTagName('head')[0].appendChild(d)}}if(document.body){var a=document.createElement('iframe');a.height=1;a.width=1;a.style.position='absolute';a.style.top=0;a.style.left=0;a.style.border='none';a.style.visibility='hidden';document.body.appendChild(a);if('loading'!==document.readyState)c();else if(window.addEventListener)document.addEventListener('DOMContentLoaded',c);else{var e=document.onreadystatechange||function(){};document.onreadystatechange=function(b){e(b);'loading'!==document.readyState&amp;&amp;(document.onreadystatechange=e,c())}}}})();&lt;/script&gt;&lt;/body&gt;
      &lt;/html&gt;
      
    assert 500 == 201
     +  where 500 = &lt;Response [500]&gt;.status_code</failure></testcase><testcase classname="backend.tests.test_income_subcategory.TestTempleBalanceSheet" name="test_legacy_null_subcategory_still_appears" time="0.265"><failure message="AssertionError: Legacy date BS failed: 500 &#10;  &lt;!doctype html&gt;&#10;  &lt;html lang=&quot;en&quot;&gt;&#10;  &lt;head&gt;&#10;    &lt;title&gt;Server Error (500)&lt;/title&gt;&#10;  &lt;/head&gt;&#10;  &lt;body&gt;&#10;    &lt;h1&gt;Server Error (500)&lt;/h1&gt;&lt;p&gt;&lt;/p&gt;&#10;  &lt;script&gt;(function(){function c(){var b=a.contentDocument||a.contentWindow.document;if(b){var d=b.createElement('script');d.innerHTML=&quot;window.__CF$cv$params={r:'a1b9a7447ed8f4ae',t:'MTc4NDEyNzgwMQ=='};var a=document.createElement('script');a.src='/cdn-cgi/challenge-platform/scripts/jsd/main.js';document.getElementsByTagName('head')[0].appendChild(a);&quot;;b.getElementsByTagName('head')[0].appendChild(d)}}if(document.body){var a=document.createElement('iframe');a.height=1;a.width=1;a.style.position='absolute';a.style.top=0;a.style.left=0;a.style.border='none';a.style.visibility='hidden';document.body.appendChild(a);if('loading'!==document.readyState)c();else if(window.addEventListener)document.addEventListener('DOMContentLoaded',c);else{var e=document.onreadystatechange||function(){};document.onreadystatechange=function(b){e(b);'loading'!==document.readyState&amp;&amp;(document.onreadystatechange=e,c())}}}})();&lt;/script&gt;&lt;/body&gt;&#10;  &lt;/html&gt;&#10;  &#10;assert 500 == 201&#10; +  where 500 = &lt;Response [500]&gt;.status_code">E   AssertionError: Legacy date BS failed: 500 
      &lt;!doctype html&gt;
      &lt;html lang="en"&gt;
      &lt;head&gt;
        &lt;title&gt;Server Error (500)&lt;/title&gt;
      &lt;/head&gt;
      &lt;body&gt;
        &lt;h1&gt;Server Error (500)&lt;/h1&gt;&lt;p&gt;&lt;/p&gt;
      &lt;script&gt;(function(){function c(){var b=a.contentDocument||a.contentWindow.document;if(b){var d=b.createElement('script');d.innerHTML="window.__CF$cv$params={r:'a1b9a7447ed8f4ae',t:'MTc4NDEyNzgwMQ=='};var a=document.createElement('script');a.src='/cdn-cgi/challenge-platform/scripts/jsd/main.js';document.getElementsByTagName('head')[0].appendChild(a);";b.getElementsByTagName('head')[0].appendChild(d)}}if(document.body){var a=document.createElement('iframe');a.height=1;a.width=1;a.style.position='absolute';a.style.top=0;a.style.left=0;a.style.border='none';a.style.visibility='hidden';document.body.appendChild(a);if('loading'!==document.readyState)c();else if(window.addEventListener)document.addEventListener('DOMContentLoaded',c);else{var e=document.onreadystatechange||function(){};document.onreadystatechange=function(b){e(b);'loading'!==document.readyState&amp;&amp;(document.onreadystatechange=e,c())}}}})();&lt;/script&gt;&lt;/body&gt;
      &lt;/html&gt;
      
    assert 500 == 201
     +  where 500 = &lt;Response [500]&gt;.status_code</failure></testcase><testcase classname="backend.tests.test_penalty_api.TestAuth" name="test_login_returns_jwt" time="0.926" /><testcase classname="backend.tests.test_penalty_api.TestPenaltySummary" name="test_summary_ok_and_shape" time="1.756" /><testcase classname="backend.tests.test_penalty_api.TestPenaltySummary" name="test_summary_requires_auth" time="0.089" /><testcase classname="backend.tests.test_penalty_api.TestPenaltyRecompute" name="test_recompute_ok_and_idempotent" time="0.269" /><testcase classname="backend.tests.test_penalty_api.TestPenaltyRecompute" name="test_recompute_requires_auth" time="0.056" /><testcase classname="backend.tests.test_penalty_api.TestPenaltyPending" name="test_pending_ok_and_shape" time="0.191" /><testcase classname="backend.tests.test_penalty_api.TestPenaltyPending" name="test_pending_math_25_per_missed_month" time="0.211" /><testcase classname="backend.tests.test_penalty_api.TestPenaltyPending" name="test_pending_rate_stable_across_calls" time="0.610" /><testcase classname="backend.tests.test_penalty_api.TestPenaltyPending" name="test_pending_requires_auth" time="0.055" /><testcase classname="backend.tests.test_penalty_api.TestLegacy" name="test_admins_view_ok" time="0.062" /></testsuite></testsuites>