<?xml version="1.0" encoding="utf-8"?><testsuites name="pytest tests"><testsuite name="pytest" errors="0" failures="0" skipped="0" tests="8" time="3.808" timestamp="2026-07-15T15:02:55.988019+00:00" hostname="agent-env-fd32960a-5552-41c8-bee2-e9a5572be60a"><testcase classname="backend.tests.test_income_subcategory.TestIncomePost" name="test_post_chit_fund_income" time="1.963" /><testcase classname="backend.tests.test_income_subcategory.TestIncomePost" name="test_post_temple_income" time="0.132" /><testcase classname="backend.tests.test_income_subcategory.TestIncomePost" name="test_post_invalid_subcategory" time="0.109" /><testcase classname="backend.tests.test_income_subcategory.TestIncomePost" name="test_get_income_list_includes_subcategory" time="0.122" /><testcase classname="backend.tests.test_income_subcategory.TestChitFundBalanceSheet" name="test_custom_date_range" time="0.127" /><testcase classname="backend.tests.test_income_subcategory.TestChitFundBalanceSheet" name="test_custom_date" time="0.118" /><testcase classname="backend.tests.test_income_subcategory.TestTempleBalanceSheet" name="test_temple_excludes_chit_fund_income" time="0.430" /><testcase classname="backend.tests.test_income_subcategory.TestTempleBalanceSheet" name="test_legacy_null_subcategory_still_appears" time="0.738" /></testsuite></testsuites>