<?xml version="1.0" encoding="utf-8"?><testsuites name="pytest tests"><testsuite name="pytest" errors="0" failures="0" skipped="0" tests="11" time="3.447" timestamp="2026-07-23T08:23:59.068822+00:00" hostname="agent-env-fd32960a-5552-41c8-bee2-e9a5572be60a"><testcase classname="backend.tests.test_percentage_caps.TestChitFundPercentageCap" name="test_profit_101_rejected" time="1.702" /><testcase classname="backend.tests.test_percentage_caps.TestChitFundPercentageCap" name="test_interest_150_rejected" time="0.100" /><testcase classname="backend.tests.test_percentage_caps.TestChitFundPercentageCap" name="test_profit_100_boundary_ok" time="0.250" /><testcase classname="backend.tests.test_percentage_caps.TestInterestPercentageCap" name="test_penalty_101_percentage_rejected" time="0.103" /><testcase classname="backend.tests.test_percentage_caps.TestInterestPercentageCap" name="test_penalty_50_percentage_accepted_by_validator" time="0.172" /><testcase classname="backend.tests.test_percentage_caps.TestInterestPercentageCap" name="test_fix_interest_rate_101_rejected" time="0.099" /><testcase classname="backend.tests.test_percentage_caps.TestSubTariffPercentageCap" name="test_penalty_200_percentage_rejected" time="0.115" /><testcase classname="backend.tests.test_percentage_caps.TestDeathPercentageCap" name="test_tariff_penalty_250_rejected" time="0.101" /><testcase classname="backend.tests.test_percentage_caps.TestFestivalPercentageCapRegression" name="test_penalty_101_percentage_rejected" time="0.139" /><testcase classname="backend.tests.test_percentage_caps.TestExpenseWithoutCategory" name="test_post_without_category_ok" time="0.296" /><testcase classname="backend.tests.test_percentage_caps.TestIncomeWithoutCategory" name="test_post_without_category_ok" time="0.275" /></testsuite></testsuites>