<?xml version="1.0" encoding="utf-8"?><testsuites name="pytest tests"><testsuite name="pytest" errors="0" failures="0" skipped="0" tests="10" time="3.486" timestamp="2026-06-30T17:08:37.921599+00:00" hostname="agent-env-fd32960a-5552-41c8-bee2-e9a5572be60a"><testcase classname="backend.tests.test_penalty_api.TestAuth" name="test_login_returns_jwt" time="1.058" /><testcase classname="backend.tests.test_penalty_api.TestPenaltySummary" name="test_summary_ok_and_shape" time="1.001" /><testcase classname="backend.tests.test_penalty_api.TestPenaltySummary" name="test_summary_requires_auth" time="0.084" /><testcase classname="backend.tests.test_penalty_api.TestPenaltyRecompute" name="test_recompute_ok_and_idempotent" time="0.246" /><testcase classname="backend.tests.test_penalty_api.TestPenaltyRecompute" name="test_recompute_requires_auth" time="0.044" /><testcase classname="backend.tests.test_penalty_api.TestPenaltyPending" name="test_pending_ok_and_shape" time="0.165" /><testcase classname="backend.tests.test_penalty_api.TestPenaltyPending" name="test_pending_math_25_per_missed_month" time="0.159" /><testcase classname="backend.tests.test_penalty_api.TestPenaltyPending" name="test_pending_rate_stable_across_calls" time="0.527" /><testcase classname="backend.tests.test_penalty_api.TestPenaltyPending" name="test_pending_requires_auth" time="0.045" /><testcase classname="backend.tests.test_penalty_api.TestLegacy" name="test_admins_view_ok" time="0.090" /></testsuite></testsuites>