<?xml version="1.0" encoding="utf-8"?><testsuites name="pytest tests"><testsuite name="pytest" errors="0" failures="0" skipped="0" tests="7" time="2.538" timestamp="2026-07-21T15:17:24.487831+00:00" hostname="agent-env-fd32960a-5552-41c8-bee2-e9a5572be60a"><testcase classname="tests.test_chit_fund_recompute_cash.TestDryRun" name="test_dry_run_response_shape" time="1.755" /><testcase classname="tests.test_chit_fund_recompute_cash.TestDryRun" name="test_dry_run_does_not_mutate_db" time="0.110" /><testcase classname="tests.test_chit_fund_recompute_cash.TestPersistAndIdempotent" name="test_post_persists_and_is_idempotent" time="0.249" /><testcase classname="tests.test_chit_fund_recompute_cash.TestPersistAndIdempotent" name="test_dry_run_in_json_body" time="0.091" /><testcase classname="tests.test_chit_fund_recompute_cash.TestErrorCases" name="test_unknown_pk_returns_404" time="0.060" /><testcase classname="tests.test_chit_fund_recompute_cash.TestErrorCases" name="test_unauthenticated_rejected" time="0.064" /><testcase classname="tests.test_chit_fund_recompute_cash.TestFormulaAgainstSQL" name="test_recomputed_matches_sql_aggregation" time="0.122" /></testsuite></testsuites>