<?xml version="1.0" encoding="utf-8"?><testsuites name="pytest tests"><testsuite name="pytest" errors="0" failures="3" skipped="0" tests="10" time="4.146" timestamp="2026-06-30T17:06:22.856091+00:00" hostname="agent-env-fd32960a-5552-41c8-bee2-e9a5572be60a"><testcase classname="tests.test_penalty_api.TestAuth" name="test_login_returns_jwt" time="1.525" /><testcase classname="tests.test_penalty_api.TestPenaltySummary" name="test_summary_ok_and_shape" time="1.035" /><testcase classname="tests.test_penalty_api.TestPenaltySummary" name="test_summary_requires_auth" time="0.069"><failure message="AssertionError: expected 401 got 403 body={&quot;detail&quot;:&quot;Unauthenticated!&quot;}&#10;assert 403 == 401&#10; +  where 403 = &lt;Response [403]&gt;.status_code">tests/test_penalty_api.py:86: in test_summary_requires_auth
    assert r.status_code == 401, f"expected 401 got {r.status_code} body={r.text[:200]}"
E   AssertionError: expected 401 got 403 body={"detail":"Unauthenticated!"}
E   assert 403 == 401
E    +  where 403 = &lt;Response [403]&gt;.status_code</failure></testcase><testcase classname="tests.test_penalty_api.TestPenaltyRecompute" name="test_recompute_ok_and_idempotent" time="0.285" /><testcase classname="tests.test_penalty_api.TestPenaltyRecompute" name="test_recompute_requires_auth" time="0.058"><failure message="AssertionError: expected 401 got 403&#10;assert 403 == 401&#10; +  where 403 = &lt;Response [403]&gt;.status_code">tests/test_penalty_api.py:110: in test_recompute_requires_auth
    assert r.status_code == 401, f"expected 401 got {r.status_code}"
E   AssertionError: expected 401 got 403
E   assert 403 == 401
E    +  where 403 = &lt;Response [403]&gt;.status_code</failure></testcase><testcase classname="tests.test_penalty_api.TestPenaltyPending" name="test_pending_ok_and_shape" time="0.186" /><testcase classname="tests.test_penalty_api.TestPenaltyPending" name="test_pending_math_25_per_missed_month" time="0.178" /><testcase classname="tests.test_penalty_api.TestPenaltyPending" name="test_pending_rate_stable_across_calls" time="0.554" /><testcase classname="tests.test_penalty_api.TestPenaltyPending" name="test_pending_requires_auth" time="0.088"><failure message="AssertionError: expected 401 got 403&#10;assert 403 == 401&#10; +  where 403 = &lt;Response [403]&gt;.status_code">tests/test_penalty_api.py:161: in test_pending_requires_auth
    assert r.status_code == 401, f"expected 401 got {r.status_code}"
E   AssertionError: expected 401 got 403
E   assert 403 == 401
E    +  where 403 = &lt;Response [403]&gt;.status_code</failure></testcase><testcase classname="tests.test_penalty_api.TestLegacy" name="test_admins_view_ok" time="0.058" /></testsuite></testsuites>