<?xml version="1.0" encoding="utf-8"?><testsuites name="pytest tests"><testsuite name="pytest" errors="0" failures="0" skipped="0" tests="3" time="5.487" timestamp="2026-07-13T09:42:27.294716+00:00" hostname="agent-env-fd32960a-5552-41c8-bee2-e9a5572be60a"><testcase classname="tests.test_chit_fund_settlement_concrete" name="test_concrete_redistribution_after_application" time="2.842" /><testcase classname="tests.test_chit_fund_settlement_concrete" name="test_settlement_does_not_double_reduce_shares_or_invest" time="0.934" /><testcase classname="tests.test_chit_fund_settlement_concrete" name="test_total_share_count_invariant_holds" time="1.498" /></testsuite></testsuites>