<?xml version="1.0" encoding="utf-8"?><testsuites name="pytest tests"><testsuite name="pytest" errors="0" failures="0" skipped="0" tests="18" time="8.821" timestamp="2026-07-13T09:40:29.210742+00:00" hostname="agent-env-fd32960a-5552-41c8-bee2-e9a5572be60a"><testcase classname="tests.test_chit_fund_settlement_redistribution" name="test_management_share_included_in_redistribution" time="1.327" /><testcase classname="tests.test_chit_fund_settlement_redistribution" name="test_total_share_count_stays_consistent" time="0.001" /><testcase classname="tests.test_penalty_api.TestAuth" name="test_login_returns_jwt" time="1.619" /><testcase classname="tests.test_penalty_api.TestPenaltySummary" name="test_summary_ok_and_shape" time="1.835" /><testcase classname="tests.test_penalty_api.TestPenaltySummary" name="test_summary_requires_auth" time="0.044" /><testcase classname="tests.test_penalty_api.TestPenaltyRecompute" name="test_recompute_ok_and_idempotent" time="0.295" /><testcase classname="tests.test_penalty_api.TestPenaltyRecompute" name="test_recompute_requires_auth" time="0.051" /><testcase classname="tests.test_penalty_api.TestPenaltyPending" name="test_pending_ok_and_shape" time="0.173" /><testcase classname="tests.test_penalty_api.TestPenaltyPending" name="test_pending_math_25_per_missed_month" time="0.168" /><testcase classname="tests.test_penalty_api.TestPenaltyPending" name="test_pending_rate_stable_across_calls" time="0.519" /><testcase classname="tests.test_penalty_api.TestPenaltyPending" name="test_pending_requires_auth" time="0.044" /><testcase classname="tests.test_penalty_api.TestLegacy" name="test_admins_view_ok" time="0.048" /><testcase classname="tests.test_collection_choose_member.TestSubscriptionTariffExplicit" name="test_paid_members_excluded_for_sub_tariff_14" time="1.190" /><testcase classname="tests.test_collection_choose_member.TestSubscriptionTariffExplicit" name="test_string_type_also_works" time="0.308" /><testcase classname="tests.test_collection_choose_member.TestSubscriptionTariffEmpty" name="test_empty_type_falls_back_to_latest_active" time="0.322" /><testcase classname="tests.test_collection_choose_member.TestRegression" name="test_festival_id_1_returns_48" time="0.232" /><testcase classname="tests.test_collection_choose_member.TestRegression" name="test_death_tariff_id_42_returns_105" time="0.315" /><testcase classname="tests.test_collection_choose_member.TestAuth" name="test_missing_auth_header_is_unauthorized" time="0.044" /></testsuite></testsuites>