<?xml version="1.0" encoding="utf-8"?><testsuites name="pytest tests"><testsuite name="pytest" errors="0" failures="0" skipped="0" tests="16" time="5.846" timestamp="2026-07-17T07:31:53.234185+00:00" hostname="agent-env-fd32960a-5552-41c8-bee2-e9a5572be60a"><testcase classname="tests.test_expense_subcategory.TestExpensePost" name="test_post_chit_fund_expense" time="1.464" /><testcase classname="tests.test_expense_subcategory.TestExpensePost" name="test_post_temple_expense" time="0.113" /><testcase classname="tests.test_expense_subcategory.TestExpensePost" name="test_post_invalid_subcategory" time="0.145" /><testcase classname="tests.test_expense_subcategory.TestExpensePost" name="test_get_expense_list_includes_subcategory" time="0.155" /><testcase classname="tests.test_expense_subcategory.TestChitFundBalanceSheet" name="test_custom_date_range" time="0.120" /><testcase classname="tests.test_expense_subcategory.TestChitFundBalanceSheet" name="test_custom_date" time="0.112" /><testcase classname="tests.test_expense_subcategory.TestTempleBalanceSheet" name="test_temple_excludes_chit_fund" time="0.167" /><testcase classname="tests.test_expense_subcategory.TestTempleBalanceSheet" name="test_legacy_null_subcategory_still_appears" time="0.697" /><testcase classname="tests.test_income_subcategory.TestIncomePost" name="test_post_chit_fund_income" time="1.382" /><testcase classname="tests.test_income_subcategory.TestIncomePost" name="test_post_temple_income" time="0.105" /><testcase classname="tests.test_income_subcategory.TestIncomePost" name="test_post_invalid_subcategory" time="0.105" /><testcase classname="tests.test_income_subcategory.TestIncomePost" name="test_get_income_list_includes_subcategory" time="0.105" /><testcase classname="tests.test_income_subcategory.TestChitFundBalanceSheet" name="test_custom_date_range" time="0.117" /><testcase classname="tests.test_income_subcategory.TestChitFundBalanceSheet" name="test_custom_date" time="0.115" /><testcase classname="tests.test_income_subcategory.TestTempleBalanceSheet" name="test_temple_excludes_chit_fund_income" time="0.164" /><testcase classname="tests.test_income_subcategory.TestTempleBalanceSheet" name="test_legacy_null_subcategory_still_appears" time="0.709" /></testsuite></testsuites>